Starting Monte Carlo Sampling...

Current time: Thu Dec  2 21:53:22 2021 

Variation: All
Sampling Method: Random
Seed: 

MonteCarlo.0
Number of points completed: 200
Number of simulation errors: 0
MonteCarlo.0 completed. 
Current time: Thu Dec  2 21:57:10 2021 
Monte Carlo Sampling yield summary:
Number of spec values are in this yield data: 4
Lab09:MillerOpAmpTB:1	Nominal - 
	bandwidth(VF("/net1") 3 "low"):	Yield	100%
		Min 1.59482e+06	Max 1.34308e+07	Mean 4.35196e+06	Number of errors 0
Lab09:MillerOpAmpTB:1	Nominal - 
	gainBwProd(VF("/net1")):	Yield	100%
		Min 1.43855e+08	Max 3.3657e+08	Mean 2.32097e+08	Number of errors 0
Lab09:MillerOpAmpTB:1	Nominal - 
	phaseMargin(VF("/net1")):	Yield	100%
		Min 15.4916	Max 44.0929	Mean 23.3936	Number of errors 0
Lab09:MillerOpAmpTB:1	Nominal - 
	value(dB20(VF("/net1")) 0):	Yield	100%
		Min 21.087	Max 44.9526	Mean 36.2347	Number of errors 0

Lab09:MillerOpAmpTB:1
	Overall Yield	100%	Number of points passed	200	Total number of points	200

Estimated yield = 100% (200/200), 0 errors
Estimated yield (No opregions) = 100% (200/200)
